D:\PROGRAM FILES (X86)\MICROSOFT VISUAL STUDIO 11.0\VISUAL STUDIO 2012\PROJECTS\COMBINATORIANALGORITHMS\VARIATIONSWITHOUTREPETITIONN\DEBUG\VARIATIONSWITHOUTREPETITION.OBJ
D:\PROGRAM FILES (X86)\MICROSOFT VISUAL STUDIO 11.0\VISUAL STUDIO 2012\PROJECTS\COMBINATORIANALGORITHMS\VARIATIONSWITHOUTREPETITIONN\DEBUG\VC110.PDB
D:\PROGRAM FILES (X86)\MICROSOFT VISUAL STUDIO 11.0\VISUAL STUDIO 2012\PROJECTS\COMBINATORIANALGORITHMS\DEBUG\VARIATIONSWITHOUTREPETITIONN.ILK
D:\PROGRAM FILES (X86)\MICROSOFT VISUAL STUDIO 11.0\VISUAL STUDIO 2012\PROJECTS\COMBINATORIANALGORITHMS\DEBUG\VARIATIONSWITHOUTREPETITIONN.EXE
D:\PROGRAM FILES (X86)\MICROSOFT VISUAL STUDIO 11.0\VISUAL STUDIO 2012\PROJECTS\COMBINATORIANALGORITHMS\DEBUG\VARIATIONSWITHOUTREPETITIONN.PDB
D:\Program Files (x86)\Microsoft Visual Studio 11.0\visual studio 2012\Projects\combinatorianAlgorithms\VariationsWithoutRepetitionn\Debug\VariationsWithoutRepetition.obj
D:\Program Files (x86)\Microsoft Visual Studio 11.0\visual studio 2012\Projects\combinatorianAlgorithms\VariationsWithoutRepetitionn\Debug\cl.command.1.tlog
D:\Program Files (x86)\Microsoft Visual Studio 11.0\visual studio 2012\Projects\combinatorianAlgorithms\VariationsWithoutRepetitionn\Debug\CL.read.1.tlog
D:\Program Files (x86)\Microsoft Visual Studio 11.0\visual studio 2012\Projects\combinatorianAlgorithms\VariationsWithoutRepetitionn\Debug\CL.write.1.tlog
D:\Program Files (x86)\Microsoft Visual Studio 11.0\visual studio 2012\Projects\combinatorianAlgorithms\VariationsWithoutRepetitionn\Debug\link-cvtres.read.1.tlog
D:\Program Files (x86)\Microsoft Visual Studio 11.0\visual studio 2012\Projects\combinatorianAlgorithms\VariationsWithoutRepetitionn\Debug\link-cvtres.write.1.tlog
D:\Program Files (x86)\Microsoft Visual Studio 11.0\visual studio 2012\Projects\combinatorianAlgorithms\VariationsWithoutRepetitionn\Debug\link-rc.read.1.tlog
D:\Program Files (x86)\Microsoft Visual Studio 11.0\visual studio 2012\Projects\combinatorianAlgorithms\VariationsWithoutRepetitionn\Debug\link-rc.write.1.tlog
D:\Program Files (x86)\Microsoft Visual Studio 11.0\visual studio 2012\Projects\combinatorianAlgorithms\VariationsWithoutRepetitionn\Debug\link.command.1.tlog
D:\Program Files (x86)\Microsoft Visual Studio 11.0\visual studio 2012\Projects\combinatorianAlgorithms\VariationsWithoutRepetitionn\Debug\link.read.1.tlog
D:\Program Files (x86)\Microsoft Visual Studio 11.0\visual studio 2012\Projects\combinatorianAlgorithms\VariationsWithoutRepetitionn\Debug\link.write.1.tlog
D:\Program Files (x86)\Microsoft Visual Studio 11.0\visual studio 2012\Projects\combinatorianAlgorithms\VariationsWithoutRepetitionn\Debug\vc110.idb
D:\Program Files (x86)\Microsoft Visual Studio 11.0\visual studio 2012\Projects\combinatorianAlgorithms\VariationsWithoutRepetitionn\Debug\vc110.pdb
D:\Program Files (x86)\Microsoft Visual Studio 11.0\visual studio 2012\Projects\combinatorianAlgorithms\Debug\VariationsWithoutRepetitionn.pdb
D:\Program Files (x86)\Microsoft Visual Studio 11.0\visual studio 2012\Projects\combinatorianAlgorithms\Debug\VariationsWithoutRepetitionn.exe
D:\Program Files (x86)\Microsoft Visual Studio 11.0\visual studio 2012\Projects\combinatorianAlgorithms\Debug\VariationsWithoutRepetitionn.ilk
