D:\PROGRAM FILES (X86)\MICROSOFT VISUAL STUDIO 11.0\VISUAL STUDIO 2012\PROJECTS\COMBINATORIANALGORITHMS\COMBINATIONSITERATIVELYY\DEBUG\COMBINATIONSITERATIVELY.OBJ
D:\PROGRAM FILES (X86)\MICROSOFT VISUAL STUDIO 11.0\VISUAL STUDIO 2012\PROJECTS\COMBINATORIANALGORITHMS\COMBINATIONSITERATIVELYY\DEBUG\VC110.PDB
D:\PROGRAM FILES (X86)\MICROSOFT VISUAL STUDIO 11.0\VISUAL STUDIO 2012\PROJECTS\COMBINATORIANALGORITHMS\DEBUG\COMBINATIONSITERATIVELYY.ILK
D:\PROGRAM FILES (X86)\MICROSOFT VISUAL STUDIO 11.0\VISUAL STUDIO 2012\PROJECTS\COMBINATORIANALGORITHMS\DEBUG\COMBINATIONSITERATIVELYY.EXE
D:\PROGRAM FILES (X86)\MICROSOFT VISUAL STUDIO 11.0\VISUAL STUDIO 2012\PROJECTS\COMBINATORIANALGORITHMS\DEBUG\COMBINATIONSITERATIVELYY.PDB
D:\Program Files (x86)\Microsoft Visual Studio 11.0\visual studio 2012\Projects\combinatorianAlgorithms\combinationsIterativelyy\Debug\combinationsIteratively.obj
D:\Program Files (x86)\Microsoft Visual Studio 11.0\visual studio 2012\Projects\combinatorianAlgorithms\combinationsIterativelyy\Debug\cl.command.1.tlog
D:\Program Files (x86)\Microsoft Visual Studio 11.0\visual studio 2012\Projects\combinatorianAlgorithms\combinationsIterativelyy\Debug\CL.read.1.tlog
D:\Program Files (x86)\Microsoft Visual Studio 11.0\visual studio 2012\Projects\combinatorianAlgorithms\combinationsIterativelyy\Debug\CL.write.1.tlog
D:\Program Files (x86)\Microsoft Visual Studio 11.0\visual studio 2012\Projects\combinatorianAlgorithms\combinationsIterativelyy\Debug\link-cvtres.read.1.tlog
D:\Program Files (x86)\Microsoft Visual Studio 11.0\visual studio 2012\Projects\combinatorianAlgorithms\combinationsIterativelyy\Debug\link-cvtres.write.1.tlog
D:\Program Files (x86)\Microsoft Visual Studio 11.0\visual studio 2012\Projects\combinatorianAlgorithms\combinationsIterativelyy\Debug\link-rc.read.1.tlog
D:\Program Files (x86)\Microsoft Visual Studio 11.0\visual studio 2012\Projects\combinatorianAlgorithms\combinationsIterativelyy\Debug\link-rc.write.1.tlog
D:\Program Files (x86)\Microsoft Visual Studio 11.0\visual studio 2012\Projects\combinatorianAlgorithms\combinationsIterativelyy\Debug\link.command.1.tlog
D:\Program Files (x86)\Microsoft Visual Studio 11.0\visual studio 2012\Projects\combinatorianAlgorithms\combinationsIterativelyy\Debug\link.read.1.tlog
D:\Program Files (x86)\Microsoft Visual Studio 11.0\visual studio 2012\Projects\combinatorianAlgorithms\combinationsIterativelyy\Debug\link.write.1.tlog
D:\Program Files (x86)\Microsoft Visual Studio 11.0\visual studio 2012\Projects\combinatorianAlgorithms\combinationsIterativelyy\Debug\vc110.idb
D:\Program Files (x86)\Microsoft Visual Studio 11.0\visual studio 2012\Projects\combinatorianAlgorithms\combinationsIterativelyy\Debug\vc110.pdb
D:\Program Files (x86)\Microsoft Visual Studio 11.0\visual studio 2012\Projects\combinatorianAlgorithms\Debug\combinationsIterativelyy.pdb
D:\Program Files (x86)\Microsoft Visual Studio 11.0\visual studio 2012\Projects\combinatorianAlgorithms\Debug\combinationsIterativelyy.exe
D:\Program Files (x86)\Microsoft Visual Studio 11.0\visual studio 2012\Projects\combinatorianAlgorithms\Debug\combinationsIterativelyy.ilk
