D:\PROGRAM FILES (X86)\MICROSOFT VISUAL STUDIO 11.0\VISUAL STUDIO 2012\PROJECTS\COMBINATORIANALGORITHMS\PERMUTATION\DEBUG\PERMUTATIONSRECURSIVE.OBJ
D:\PROGRAM FILES (X86)\MICROSOFT VISUAL STUDIO 11.0\VISUAL STUDIO 2012\PROJECTS\COMBINATORIANALGORITHMS\PERMUTATION\DEBUG\VC110.PDB
D:\PROGRAM FILES (X86)\MICROSOFT VISUAL STUDIO 11.0\VISUAL STUDIO 2012\PROJECTS\COMBINATORIANALGORITHMS\DEBUG\PERMUTATION.ILK
D:\PROGRAM FILES (X86)\MICROSOFT VISUAL STUDIO 11.0\VISUAL STUDIO 2012\PROJECTS\COMBINATORIANALGORITHMS\DEBUG\PERMUTATION.EXE
D:\PROGRAM FILES (X86)\MICROSOFT VISUAL STUDIO 11.0\VISUAL STUDIO 2012\PROJECTS\COMBINATORIANALGORITHMS\DEBUG\PERMUTATION.PDB
D:\PROGRAM FILES (X86)\MICROSOFT VISUAL STUDIO 11.0\VISUAL STUDIO 2012\PROJECTS\COMBINATORIANALGORITHMS\DEBUG\PERMUTATIONRECURSE.ILK
D:\PROGRAM FILES (X86)\MICROSOFT VISUAL STUDIO 11.0\VISUAL STUDIO 2012\PROJECTS\COMBINATORIANALGORITHMS\DEBUG\PERMUTATIONRECURSE.EXE
D:\PROGRAM FILES (X86)\MICROSOFT VISUAL STUDIO 11.0\VISUAL STUDIO 2012\PROJECTS\COMBINATORIANALGORITHMS\DEBUG\PERMUTATIONRECURSE.PDB
D:\Program Files (x86)\Microsoft Visual Studio 11.0\visual studio 2012\Projects\combinatorianAlgorithms\Permutation\Debug\permutationsRecursive.obj
D:\Program Files (x86)\Microsoft Visual Studio 11.0\visual studio 2012\Projects\combinatorianAlgorithms\Permutation\Debug\cl.command.1.tlog
D:\Program Files (x86)\Microsoft Visual Studio 11.0\visual studio 2012\Projects\combinatorianAlgorithms\Permutation\Debug\CL.read.1.tlog
D:\Program Files (x86)\Microsoft Visual Studio 11.0\visual studio 2012\Projects\combinatorianAlgorithms\Permutation\Debug\CL.write.1.tlog
D:\Program Files (x86)\Microsoft Visual Studio 11.0\visual studio 2012\Projects\combinatorianAlgorithms\Permutation\Debug\link-cvtres.read.1.tlog
D:\Program Files (x86)\Microsoft Visual Studio 11.0\visual studio 2012\Projects\combinatorianAlgorithms\Permutation\Debug\link-cvtres.write.1.tlog
D:\Program Files (x86)\Microsoft Visual Studio 11.0\visual studio 2012\Projects\combinatorianAlgorithms\Permutation\Debug\link-rc.read.1.tlog
D:\Program Files (x86)\Microsoft Visual Studio 11.0\visual studio 2012\Projects\combinatorianAlgorithms\Permutation\Debug\link-rc.write.1.tlog
D:\Program Files (x86)\Microsoft Visual Studio 11.0\visual studio 2012\Projects\combinatorianAlgorithms\Permutation\Debug\link.command.1.tlog
D:\Program Files (x86)\Microsoft Visual Studio 11.0\visual studio 2012\Projects\combinatorianAlgorithms\Permutation\Debug\link.read.1.tlog
D:\Program Files (x86)\Microsoft Visual Studio 11.0\visual studio 2012\Projects\combinatorianAlgorithms\Permutation\Debug\link.write.1.tlog
D:\Program Files (x86)\Microsoft Visual Studio 11.0\visual studio 2012\Projects\combinatorianAlgorithms\Permutation\Debug\vc110.idb
D:\Program Files (x86)\Microsoft Visual Studio 11.0\visual studio 2012\Projects\combinatorianAlgorithms\Permutation\Debug\vc110.pdb
D:\Program Files (x86)\Microsoft Visual Studio 11.0\visual studio 2012\Projects\combinatorianAlgorithms\Debug\PermutationRecurse.pdb
D:\Program Files (x86)\Microsoft Visual Studio 11.0\visual studio 2012\Projects\combinatorianAlgorithms\Debug\PermutationRecurse.exe
D:\Program Files (x86)\Microsoft Visual Studio 11.0\visual studio 2012\Projects\combinatorianAlgorithms\Debug\PermutationRecurse.ilk
