Build started 12/4/2015 1:39:21 AM.
     1>Project "D:\GitHub\SoftUni-Algo\New folder\combinatorianAlgorithms\permutations\permutations.vcxproj" on node 3 (Build target(s)).
     1>ClCompile:
         D:\Program Files (x86)\Microsoft Visual Studio 11.0\VC\bin\CL.exe /c /ZI /nologo /W3 /WX- /Od /Oy- /D WIN32 /D _DEBUG /D _CONSOLE /D _UNICODE /D UNICODE /Gm /EHsc /RTC1 /MDd /GS /fp:precise /Zc:wchar_t /Zc:forScope /Fo"Debug\\" /Fd"Debug\vc110.pdb" /Gd /TP /analyze- /errorReport:prompt permutations.cpp
         permutations.cpp
     1>d:\github\softuni-algo\new folder\combinatorianalgorithms\permutations\permutations.cpp(63): warning C4018: '<' : signed/unsigned mismatch
     1>d:\github\softuni-algo\new folder\combinatorianalgorithms\permutations\permutations.cpp(67): warning C4258: 'i' : definition from the for loop is ignored; the definition from the enclosing scope is used
                 d:\github\softuni-algo\new folder\combinatorianalgorithms\permutations\permutations.cpp(63) : definition of 'i' ignored
                 d:\github\softuni-algo\new folder\combinatorianalgorithms\permutations\permutations.cpp(60) : definition of 'i' used
     1>d:\github\softuni-algo\new folder\combinatorianalgorithms\permutations\permutations.cpp(68): warning C4258: 'i' : definition from the for loop is ignored; the definition from the enclosing scope is used
                 d:\github\softuni-algo\new folder\combinatorianalgorithms\permutations\permutations.cpp(63) : definition of 'i' ignored
                 d:\github\softuni-algo\new folder\combinatorianalgorithms\permutations\permutations.cpp(60) : definition of 'i' used
     1>d:\github\softuni-algo\new folder\combinatorianalgorithms\permutations\permutations.cpp(70): warning C4258: 'i' : definition from the for loop is ignored; the definition from the enclosing scope is used
                 d:\github\softuni-algo\new folder\combinatorianalgorithms\permutations\permutations.cpp(63) : definition of 'i' ignored
                 d:\github\softuni-algo\new folder\combinatorianalgorithms\permutations\permutations.cpp(60) : definition of 'i' used
     1>d:\github\softuni-algo\new folder\combinatorianalgorithms\permutations\permutations.cpp(84): warning C4018: '<' : signed/unsigned mismatch
     1>d:\github\softuni-algo\new folder\combinatorianalgorithms\permutations\permutations.cpp(91): warning C4018: '<' : signed/unsigned mismatch
     1>d:\github\softuni-algo\new folder\combinatorianalgorithms\permutations\permutations.cpp(144): warning C4018: '<' : signed/unsigned mismatch
     1>d:\github\softuni-algo\new folder\combinatorianalgorithms\permutations\permutations.cpp(151): warning C4018: '<' : signed/unsigned mismatch
       Link:
         D:\Program Files (x86)\Microsoft Visual Studio 11.0\VC\bin\link.exe /ERRORREPORT:PROMPT /OUT:"D:\GitHub\SoftUni-Algo\New folder\combinatorianAlgorithms\Debug\permutations.exe" /INCREMENTAL /NOLOGO kernel32.lib user32.lib gdi32.lib winspool.lib comdlg32.lib advapi32.lib shell32.lib ole32.lib oleaut32.lib uuid.lib odbc32.lib odbccp32.lib /MANIFEST /MANIFESTUAC:"level='asInvoker' uiAccess='false'" /manifest:embed /DEBUG /PDB:"D:\GitHub\SoftUni-Algo\New folder\combinatorianAlgorithms\Debug\permutations.pdb" /SUBSYSTEM:CONSOLE /TLBID:1 /DYNAMICBASE /NXCOMPAT /IMPLIB:"D:\GitHub\SoftUni-Algo\New folder\combinatorianAlgorithms\Debug\permutations.lib" /MACHINE:X86 Debug\permutations.obj
         permutations.vcxproj -> D:\GitHub\SoftUni-Algo\New folder\combinatorianAlgorithms\Debug\permutations.exe
     1>Done Building Project "D:\GitHub\SoftUni-Algo\New folder\combinatorianAlgorithms\permutations\permutations.vcxproj" (Build target(s)).

Build succeeded.

Time Elapsed 00:00:01.91
