D:\PROGRAM FILES (X86)\MICROSOFT VISUAL STUDIO 11.0\VISUAL STUDIO 2012\PROJECTS\COMBINATORIANALGORITHMS\PERMUTATIONS\DEBUG\PERMUTATIONS.OBJ
D:\PROGRAM FILES (X86)\MICROSOFT VISUAL STUDIO 11.0\VISUAL STUDIO 2012\PROJECTS\COMBINATORIANALGORITHMS\PERMUTATIONS\DEBUG\VC110.PDB
D:\PROGRAM FILES (X86)\MICROSOFT VISUAL STUDIO 11.0\VISUAL STUDIO 2012\PROJECTS\COMBINATORIANALGORITHMS\DEBUG\PERMUTATIONS.ILK
D:\PROGRAM FILES (X86)\MICROSOFT VISUAL STUDIO 11.0\VISUAL STUDIO 2012\PROJECTS\COMBINATORIANALGORITHMS\DEBUG\PERMUTATIONS.EXE
D:\PROGRAM FILES (X86)\MICROSOFT VISUAL STUDIO 11.0\VISUAL STUDIO 2012\PROJECTS\COMBINATORIANALGORITHMS\DEBUG\PERMUTATIONS.PDB
D:\Program Files (x86)\Microsoft Visual Studio 11.0\visual studio 2012\Projects\combinatorianAlgorithms\permutations\Debug\permutations.obj
D:\Program Files (x86)\Microsoft Visual Studio 11.0\visual studio 2012\Projects\combinatorianAlgorithms\permutations\Debug\cl.command.1.tlog
D:\Program Files (x86)\Microsoft Visual Studio 11.0\visual studio 2012\Projects\combinatorianAlgorithms\permutations\Debug\CL.read.1.tlog
D:\Program Files (x86)\Microsoft Visual Studio 11.0\visual studio 2012\Projects\combinatorianAlgorithms\permutations\Debug\CL.write.1.tlog
D:\Program Files (x86)\Microsoft Visual Studio 11.0\visual studio 2012\Projects\combinatorianAlgorithms\permutations\Debug\link-cvtres.read.1.tlog
D:\Program Files (x86)\Microsoft Visual Studio 11.0\visual studio 2012\Projects\combinatorianAlgorithms\permutations\Debug\link-cvtres.write.1.tlog
D:\Program Files (x86)\Microsoft Visual Studio 11.0\visual studio 2012\Projects\combinatorianAlgorithms\permutations\Debug\link-rc.read.1.tlog
D:\Program Files (x86)\Microsoft Visual Studio 11.0\visual studio 2012\Projects\combinatorianAlgorithms\permutations\Debug\link-rc.write.1.tlog
D:\Program Files (x86)\Microsoft Visual Studio 11.0\visual studio 2012\Projects\combinatorianAlgorithms\permutations\Debug\link.15604-cvtres.read.1.tlog
D:\Program Files (x86)\Microsoft Visual Studio 11.0\visual studio 2012\Projects\combinatorianAlgorithms\permutations\Debug\link.15604-cvtres.write.1.tlog
D:\Program Files (x86)\Microsoft Visual Studio 11.0\visual studio 2012\Projects\combinatorianAlgorithms\permutations\Debug\link.15604-rc.read.1.tlog
D:\Program Files (x86)\Microsoft Visual Studio 11.0\visual studio 2012\Projects\combinatorianAlgorithms\permutations\Debug\link.15604-rc.write.1.tlog
D:\Program Files (x86)\Microsoft Visual Studio 11.0\visual studio 2012\Projects\combinatorianAlgorithms\permutations\Debug\link.15604.read.1.tlog
D:\Program Files (x86)\Microsoft Visual Studio 11.0\visual studio 2012\Projects\combinatorianAlgorithms\permutations\Debug\link.15604.write.1.tlog
D:\Program Files (x86)\Microsoft Visual Studio 11.0\visual studio 2012\Projects\combinatorianAlgorithms\permutations\Debug\link.3856-cvtres.read.1.tlog
D:\Program Files (x86)\Microsoft Visual Studio 11.0\visual studio 2012\Projects\combinatorianAlgorithms\permutations\Debug\link.3856-cvtres.write.1.tlog
D:\Program Files (x86)\Microsoft Visual Studio 11.0\visual studio 2012\Projects\combinatorianAlgorithms\permutations\Debug\link.3856-rc.read.1.tlog
D:\Program Files (x86)\Microsoft Visual Studio 11.0\visual studio 2012\Projects\combinatorianAlgorithms\permutations\Debug\link.3856-rc.write.1.tlog
D:\Program Files (x86)\Microsoft Visual Studio 11.0\visual studio 2012\Projects\combinatorianAlgorithms\permutations\Debug\link.3856.read.1.tlog
D:\Program Files (x86)\Microsoft Visual Studio 11.0\visual studio 2012\Projects\combinatorianAlgorithms\permutations\Debug\link.3856.write.1.tlog
D:\Program Files (x86)\Microsoft Visual Studio 11.0\visual studio 2012\Projects\combinatorianAlgorithms\permutations\Debug\link.6900-cvtres.read.1.tlog
D:\Program Files (x86)\Microsoft Visual Studio 11.0\visual studio 2012\Projects\combinatorianAlgorithms\permutations\Debug\link.6900-cvtres.write.1.tlog
D:\Program Files (x86)\Microsoft Visual Studio 11.0\visual studio 2012\Projects\combinatorianAlgorithms\permutations\Debug\link.6900-rc.read.1.tlog
D:\Program Files (x86)\Microsoft Visual Studio 11.0\visual studio 2012\Projects\combinatorianAlgorithms\permutations\Debug\link.6900-rc.write.1.tlog
D:\Program Files (x86)\Microsoft Visual Studio 11.0\visual studio 2012\Projects\combinatorianAlgorithms\permutations\Debug\link.6900.read.1.tlog
D:\Program Files (x86)\Microsoft Visual Studio 11.0\visual studio 2012\Projects\combinatorianAlgorithms\permutations\Debug\link.6900.write.1.tlog
D:\Program Files (x86)\Microsoft Visual Studio 11.0\visual studio 2012\Projects\combinatorianAlgorithms\permutations\Debug\link.command.1.tlog
D:\Program Files (x86)\Microsoft Visual Studio 11.0\visual studio 2012\Projects\combinatorianAlgorithms\permutations\Debug\link.read.1.tlog
D:\Program Files (x86)\Microsoft Visual Studio 11.0\visual studio 2012\Projects\combinatorianAlgorithms\permutations\Debug\link.write.1.tlog
D:\Program Files (x86)\Microsoft Visual Studio 11.0\visual studio 2012\Projects\combinatorianAlgorithms\permutations\Debug\vc110.idb
D:\Program Files (x86)\Microsoft Visual Studio 11.0\visual studio 2012\Projects\combinatorianAlgorithms\permutations\Debug\vc110.pdb
D:\Program Files (x86)\Microsoft Visual Studio 11.0\visual studio 2012\Projects\combinatorianAlgorithms\Debug\permutations.pdb
D:\Program Files (x86)\Microsoft Visual Studio 11.0\visual studio 2012\Projects\combinatorianAlgorithms\Debug\permutations.exe
D:\Program Files (x86)\Microsoft Visual Studio 11.0\visual studio 2012\Projects\combinatorianAlgorithms\Debug\permutations.ilk
