D:\PROGRAM FILES (X86)\MICROSOFT VISUAL STUDIO 11.0\VISUAL STUDIO 2012\PROJECTS\COMBINATORIANALGORITHMS\COMBINATORIANALGORITHMS\DEBUG\VARIATIONSWITHREPETITION.OBJ
D:\PROGRAM FILES (X86)\MICROSOFT VISUAL STUDIO 11.0\VISUAL STUDIO 2012\PROJECTS\COMBINATORIANALGORITHMS\COMBINATORIANALGORITHMS\DEBUG\VC110.PDB
D:\PROGRAM FILES (X86)\MICROSOFT VISUAL STUDIO 11.0\VISUAL STUDIO 2012\PROJECTS\COMBINATORIANALGORITHMS\DEBUG\VARIATIONS WITH REPETITION.ILK
D:\PROGRAM FILES (X86)\MICROSOFT VISUAL STUDIO 11.0\VISUAL STUDIO 2012\PROJECTS\COMBINATORIANALGORITHMS\DEBUG\VARIATIONS WITH REPETITION.EXE
D:\PROGRAM FILES (X86)\MICROSOFT VISUAL STUDIO 11.0\VISUAL STUDIO 2012\PROJECTS\COMBINATORIANALGORITHMS\DEBUG\VARIATIONS WITH REPETITION.PDB
D:\Program Files (x86)\Microsoft Visual Studio 11.0\visual studio 2012\Projects\combinatorianAlgorithms\combinatorianAlgorithms\Debug\VariationsWithRepetition.obj
D:\Program Files (x86)\Microsoft Visual Studio 11.0\visual studio 2012\Projects\combinatorianAlgorithms\combinatorianAlgorithms\Debug\cl.command.1.tlog
D:\Program Files (x86)\Microsoft Visual Studio 11.0\visual studio 2012\Projects\combinatorianAlgorithms\combinatorianAlgorithms\Debug\CL.read.1.tlog
D:\Program Files (x86)\Microsoft Visual Studio 11.0\visual studio 2012\Projects\combinatorianAlgorithms\combinatorianAlgorithms\Debug\CL.write.1.tlog
D:\Program Files (x86)\Microsoft Visual Studio 11.0\visual studio 2012\Projects\combinatorianAlgorithms\combinatorianAlgorithms\Debug\link-cvtres.read.1.tlog
D:\Program Files (x86)\Microsoft Visual Studio 11.0\visual studio 2012\Projects\combinatorianAlgorithms\combinatorianAlgorithms\Debug\link-cvtres.write.1.tlog
D:\Program Files (x86)\Microsoft Visual Studio 11.0\visual studio 2012\Projects\combinatorianAlgorithms\combinatorianAlgorithms\Debug\link-rc.read.1.tlog
D:\Program Files (x86)\Microsoft Visual Studio 11.0\visual studio 2012\Projects\combinatorianAlgorithms\combinatorianAlgorithms\Debug\link-rc.write.1.tlog
D:\Program Files (x86)\Microsoft Visual Studio 11.0\visual studio 2012\Projects\combinatorianAlgorithms\combinatorianAlgorithms\Debug\link.command.1.tlog
D:\Program Files (x86)\Microsoft Visual Studio 11.0\visual studio 2012\Projects\combinatorianAlgorithms\combinatorianAlgorithms\Debug\link.read.1.tlog
D:\Program Files (x86)\Microsoft Visual Studio 11.0\visual studio 2012\Projects\combinatorianAlgorithms\combinatorianAlgorithms\Debug\link.write.1.tlog
D:\Program Files (x86)\Microsoft Visual Studio 11.0\visual studio 2012\Projects\combinatorianAlgorithms\combinatorianAlgorithms\Debug\vc110.idb
D:\Program Files (x86)\Microsoft Visual Studio 11.0\visual studio 2012\Projects\combinatorianAlgorithms\combinatorianAlgorithms\Debug\vc110.pdb
D:\Program Files (x86)\Microsoft Visual Studio 11.0\visual studio 2012\Projects\combinatorianAlgorithms\Debug\Variations with Repetition.pdb
D:\Program Files (x86)\Microsoft Visual Studio 11.0\visual studio 2012\Projects\combinatorianAlgorithms\Debug\Variations with Repetition.exe
D:\Program Files (x86)\Microsoft Visual Studio 11.0\visual studio 2012\Projects\combinatorianAlgorithms\Debug\Variations with Repetition.ilk
